# JRE version: Java(TM) SE Runtime Environment (7.0_79-b15) (build 1.7.0_79-b15)
# Java VM: Java HotSpot(TM) 64-Bit Server VM (24.79-b02 mixed mode windows-amd64 compressed oops)
Heap
 PSYoungGen      total 19456K, used 2528K [0x00000000eae80000, 0x00000000ec400000, 0x0000000100000000)
  eden space 16896K, 0% used [0x00000000eae80000,0x00000000eae80000,0x00000000ebf00000)
  from space 2560K, 98% used [0x00000000ebf00000,0x00000000ec178010,0x00000000ec180000)
  to   space 2560K, 0% used [0x00000000ec180000,0x00000000ec180000,0x00000000ec400000)
 ParOldGen       total 43008K, used 11096K [0x00000000c0c00000, 0x00000000c3600000, 0x00000000eae80000)
  object space 43008K, 25% used [0x00000000c0c00000,0x00000000c16d62b8,0x00000000c3600000)
 PSPermGen       total 21504K, used 17696K [0x00000000bba00000, 0x00000000bcf00000, 0x00000000c0c00000)
  object space 21504K, 82% used [0x00000000bba00000,0x00000000bcb480a8,0x00000000bcf00000)
GC Heap History (10 events):
Event: 0.699 GC heap after
Heap after GC invocations=5 (full 2):
 PSYoungGen      total 19456K, used 0K [0x00000000eae80000, 0x00000000ec400000, 0x0000000100000000)
  eden space 16896K, 0% used [0x00000000eae80000,0x00000000eae80000,0x00000000ebf00000)
  from space 2560K, 0% used [0x00000000ebf00000,0x00000000ebf00000,0x00000000ec180000)
  to   space 2560K, 0% used [0x00000000ec180000,0x00000000ec180000,0x00000000ec400000)
 ParOldGen       total 43008K, used 1625K [0x00000000c0c00000, 0x00000000c3600000, 0x00000000eae80000)
  object space 43008K, 3% used [0x00000000c0c00000,0x00000000c0d967d8,0x00000000c3600000)
 PSPermGen       total 21504K, used 8307K [0x00000000bba00000, 0x00000000bcf00000, 0x00000000c0c00000)
  object space 21504K, 38% used [0x00000000bba00000,0x00000000bc21ce80,0x00000000bcf00000)
}
Event: 1.119 GC heap before
{Heap before GC invocations=6 (full 2):
 PSYoungGen      total 19456K, used 16896K [0x00000000eae80000, 0x00000000ec400000, 0x0000000100000000)
  eden space 16896K, 100% used [0x00000000eae80000,0x00000000ebf00000,0x00000000ebf00000)
  from space 2560K, 0% used [0x00000000ebf00000,0x00000000ebf00000,0x00000000ec180000)
  to   space 2560K, 0% used [0x00000000ec180000,0x00000000ec180000,0x00000000ec400000)
 ParOldGen       total 43008K, used 1625K [0x00000000c0c00000, 0x00000000c3600000, 0x00000000eae80000)
  object space 43008K, 3% used [0x00000000c0c00000,0x00000000c0d967d8,0x00000000c3600000)
 PSPermGen       total 21504K, used 11883K [0x00000000bba00000, 0x00000000bcf00000, 0x00000000c0c00000)
  object space 21504K, 55% used [0x00000000bba00000,0x00000000bc59ad78,0x00000000bcf00000)
Event: 1.122 GC heap after
Heap after GC invocations=6 (full 2):
 PSYoungGen      total 19456K, used 2548K [0x00000000eae80000, 0x00000000ec400000, 0x0000000100000000)
  eden space 16896K, 0% used [0x00000000eae80000,0x00000000eae80000,0x00000000ebf00000)
  from space 2560K, 99% used [0x00000000ec180000,0x00000000ec3fd260,0x00000000ec400000)
  to   space 2560K, 0% used [0x00000000ebf00000,0x00000000ebf00000,0x00000000ec180000)
 ParOldGen       total 43008K, used 1972K [0x00000000c0c00000, 0x00000000c3600000, 0x00000000eae80000)
  object space 43008K, 4% used [0x00000000c0c00000,0x00000000c0ded160,0x00000000c3600000)
 PSPermGen       total 21504K, used 11883K [0x00000000bba00000, 0x00000000bcf00000, 0x00000000c0c00000)
  object space 21504K, 55% used [0x00000000bba00000,0x00000000bc59ad78,0x00000000bcf00000)
}
Event: 1.541 GC heap before
{Heap before GC invocations=7 (full 2):
 PSYoungGen      total 19456K, used 19444K [0x00000000eae80000, 0x00000000ec400000, 0x0000000100000000)
  eden space 16896K, 100% used [0x00000000eae80000,0x00000000ebf00000,0x00000000ebf00000)
  from space 2560K, 99% used [0x00000000ec180000,0x00000000ec3fd260,0x00000000ec400000)
  to   space 2560K, 0% used [0x00000000ebf00000,0x00000000ebf00000,0x00000000ec180000)
 ParOldGen       total 43008K, used 1972K [0x00000000c0c00000, 0x00000000c3600000, 0x00000000eae80000)
  object space 43008K, 4% used [0x00000000c0c00000,0x00000000c0ded160,0x00000000c3600000)
 PSPermGen       total 21504K, used 15003K [0x00000000bba00000, 0x00000000bcf00000, 0x00000000c0c00000)
  object space 21504K, 69% used [0x00000000bba00000,0x00000000bc8a6c28,0x00000000bcf00000)
Event: 1.546 GC heap after
Heap after GC invocations=7 (full 2):
 PSYoungGen      total 19456K, used 2528K [0x00000000eae80000, 0x00000000ec400000, 0x0000000100000000)
  eden space 16896K, 0% used [0x00000000eae80000,0x00000000eae80000,0x00000000ebf00000)
  from space 2560K, 98% used [0x00000000ebf00000,0x00000000ec178010,0x00000000ec180000)
  to   space 2560K, 0% used [0x00000000ec180000,0x00000000ec180000,0x00000000ec400000)
 ParOldGen       total 43008K, used 3466K [0x00000000c0c00000, 0x00000000c3600000, 0x00000000eae80000)
  object space 43008K, 8% used [0x00000000c0c00000,0x00000000c0f62aa8,0x00000000c3600000)
 PSPermGen       total 21504K, used 15003K [0x00000000bba00000, 0x00000000bcf00000, 0x00000000c0c00000)
  object space 21504K, 69% used [0x00000000bba00000,0x00000000bc8a6c28,0x00000000bcf00000)
}
Event: 14.614 GC heap before
{Heap before GC invocations=8 (full 2):
 PSYoungGen      total 19456K, used 19424K [0x00000000eae80000, 0x00000000ec400000, 0x0000000100000000)
  eden space 16896K, 100% used [0x00000000eae80000,0x00000000ebf00000,0x00000000ebf00000)
  from space 2560K, 98% used [0x00000000ebf00000,0x00000000ec178010,0x00000000ec180000)
  to   space 2560K, 0% used [0x00000000ec180000,0x00000000ec180000,0x00000000ec400000)
 ParOldGen       total 43008K, used 3466K [0x00000000c0c00000, 0x00000000c3600000, 0x00000000eae80000)
  object space 43008K, 8% used [0x00000000c0c00000,0x00000000c0f62aa8,0x00000000c3600000)
 PSPermGen       total 21504K, used 17590K [0x00000000bba00000, 0x00000000bcf00000, 0x00000000c0c00000)
  object space 21504K, 81% used [0x00000000bba00000,0x00000000bcb2daa8,0x00000000bcf00000)
Event: 14.620 GC heap after
Heap after GC invocations=8 (full 2):
 PSYoungGen      total 19456K, used 2528K [0x00000000eae80000, 0x00000000ec400000, 0x0000000100000000)
  eden space 16896K, 0% used [0x00000000eae80000,0x00000000eae80000,0x00000000ebf00000)
  from space 2560K, 98% used [0x00000000ec180000,0x00000000ec3f8010,0x00000000ec400000)
  to   space 2560K, 0% used [0x00000000ebf00000,0x00000000ebf00000,0x00000000ec180000)
 ParOldGen       total 43008K, used 5887K [0x00000000c0c00000, 0x00000000c3600000, 0x00000000eae80000)
  object space 43008K, 13% used [0x00000000c0c00000,0x00000000c11bfd10,0x00000000c3600000)
 PSPermGen       total 21504K, used 17590K [0x00000000bba00000, 0x00000000bcf00000, 0x00000000c0c00000)
  object space 21504K, 81% used [0x00000000bba00000,0x00000000bcb2daa8,0x00000000bcf00000)
}
Event: 18.152 GC heap before
{Heap before GC invocations=9 (full 2):
 PSYoungGen      total 19456K, used 10718K [0x00000000eae80000, 0x00000000ec400000, 0x0000000100000000)
  eden space 16896K, 48% used [0x00000000eae80000,0x00000000eb67f878,0x00000000ebf00000)
  from space 2560K, 98% used [0x00000000ec180000,0x00000000ec3f8010,0x00000000ec400000)
  to   space 2560K, 0% used [0x00000000ebf00000,0x00000000ebf00000,0x00000000ec180000)
 ParOldGen       total 43008K, used 5887K [0x00000000c0c00000, 0x00000000c3600000, 0x00000000eae80000)
  object space 43008K, 13% used [0x00000000c0c00000,0x00000000c11bfd10,0x00000000c3600000)
 PSPermGen       total 21504K, used 17696K [0x00000000bba00000, 0x00000000bcf00000, 0x00000000c0c00000)
  object space 21504K, 82% used [0x00000000bba00000,0x00000000bcb480a8,0x00000000bcf00000)
Event: 18.161 GC heap after
Heap after GC invocations=9 (full 2):
 PSYoungGen      total 19456K, used 2528K [0x00000000eae80000, 0x00000000ec400000, 0x0000000100000000)
  eden space 16896K, 0% used [0x00000000eae80000,0x00000000eae80000,0x00000000ebf00000)
  from space 2560K, 98% used [0x00000000ebf00000,0x00000000ec178010,0x00000000ec180000)
  to   space 2560K, 0% used [0x00000000ec180000,0x00000000ec180000,0x00000000ec400000)
 ParOldGen       total 43008K, used 11096K [0x00000000c0c00000, 0x00000000c3600000, 0x00000000eae80000)
  object space 43008K, 25% used [0x00000000c0c00000,0x00000000c16d62b8,0x00000000c3600000)
 PSPermGen       total 21504K, used 17696K [0x00000000bba00000, 0x00000000bcf00000, 0x00000000c0c00000)
  object space 21504K, 82% used [0x00000000bba00000,0x00000000bcb480a8,0x00000000bcf00000)
}
Event: 18.161 GC heap before
{Heap before GC invocations=10 (full 3):
 PSYoungGen      total 19456K, used 2528K [0x00000000eae80000, 0x00000000ec400000, 0x0000000100000000)
  eden space 16896K, 0% used [0x00000000eae80000,0x00000000eae80000,0x00000000ebf00000)
  from space 2560K, 98% used [0x00000000ebf00000,0x00000000ec178010,0x00000000ec180000)
  to   space 2560K, 0% used [0x00000000ec180000,0x00000000ec180000,0x00000000ec400000)
 ParOldGen       total 43008K, used 11096K [0x00000000c0c00000, 0x00000000c3600000, 0x00000000eae80000)
  object space 43008K, 25% used [0x00000000c0c00000,0x00000000c16d62b8,0x00000000c3600000)
 PSPermGen       total 21504K, used 17696K [0x00000000bba00000, 0x00000000bcf00000, 0x00000000c0c00000)
  object space 21504K, 82% used [0x00000000bba00000,0x00000000bcb480a8,0x00000000bcf00000)

