# JRE version: Java(TM) SE Runtime Environment (7.0_79-b15) (build 1.7.0_79-b15)
# Java VM: Java HotSpot(TM) 64-Bit Server VM (24.79-b02 mixed mode windows-amd64 compressed oops)
Heap
 PSYoungGen      total 19456K, used 15297K [0x00000000eae80000, 0x00000000ed480000, 0x0000000100000000)
  eden space 16896K, 75% used [0x00000000eae80000,0x00000000ebaf10a8,0x00000000ebf00000)
  from space 2560K, 99% used [0x00000000ed200000,0x00000000ed47f458,0x00000000ed480000)
  to   space 2560K, 0% used [0x00000000ebf00000,0x00000000ebf00000,0x00000000ec180000)
 ParOldGen       total 43008K, used 2302K [0x00000000c0c00000, 0x00000000c3600000, 0x00000000eae80000)
  object space 43008K, 5% used [0x00000000c0c00000,0x00000000c0e3f9a8,0x00000000c3600000)
 PSPermGen       total 21504K, used 14064K [0x00000000bba00000, 0x00000000bcf00000, 0x00000000c0c00000)
  object space 21504K, 65% used [0x00000000bba00000,0x00000000bc7bc058,0x00000000bcf00000)
GC Heap History (4 events):
Event: 0.687 GC heap before
{Heap before GC invocations=1 (full 0):
 PSYoungGen      total 19456K, used 16896K [0x00000000eae80000, 0x00000000ec400000, 0x0000000100000000)
  eden space 16896K, 100% used [0x00000000eae80000,0x00000000ebf00000,0x00000000ebf00000)
  from space 2560K, 0% used [0x00000000ec180000,0x00000000ec180000,0x00000000ec400000)
  to   space 2560K, 0% used [0x00000000ebf00000,0x00000000ebf00000,0x00000000ec180000)
 ParOldGen       total 43008K, used 0K [0x00000000c0c00000, 0x00000000c3600000, 0x00000000eae80000)
  object space 43008K, 0% used [0x00000000c0c00000,0x00000000c0c00000,0x00000000c3600000)
 PSPermGen       total 21504K, used 8410K [0x00000000bba00000, 0x00000000bcf00000, 0x00000000c0c00000)
  object space 21504K, 39% used [0x00000000bba00000,0x00000000bc236958,0x00000000bcf00000)
Event: 0.701 GC heap after
Heap after GC invocations=1 (full 0):
 PSYoungGen      total 19456K, used 2538K [0x00000000eae80000, 0x00000000ed480000, 0x0000000100000000)
  eden space 16896K, 0% used [0x00000000eae80000,0x00000000eae80000,0x00000000ebf00000)
  from space 2560K, 99% used [0x00000000ebf00000,0x00000000ec17ab28,0x00000000ec180000)
  to   space 2560K, 0% used [0x00000000ed200000,0x00000000ed200000,0x00000000ed480000)
 ParOldGen       total 43008K, used 1020K [0x00000000c0c00000, 0x00000000c3600000, 0x00000000eae80000)
  object space 43008K, 2% used [0x00000000c0c00000,0x00000000c0cff060,0x00000000c3600000)
 PSPermGen       total 21504K, used 8410K [0x00000000bba00000, 0x00000000bcf00000, 0x00000000c0c00000)
  object space 21504K, 39% used [0x00000000bba00000,0x00000000bc236958,0x00000000bcf00000)
}
Event: 25.370 GC heap before
{Heap before GC invocations=2 (full 0):
 PSYoungGen      total 19456K, used 19434K [0x00000000eae80000, 0x00000000ed480000, 0x0000000100000000)
  eden space 16896K, 100% used [0x00000000eae80000,0x00000000ebf00000,0x00000000ebf00000)
  from space 2560K, 99% used [0x00000000ebf00000,0x00000000ec17ab28,0x00000000ec180000)
  to   space 2560K, 0% used [0x00000000ed200000,0x00000000ed200000,0x00000000ed480000)
 ParOldGen       total 43008K, used 1020K [0x00000000c0c00000, 0x00000000c3600000, 0x00000000eae80000)
  object space 43008K, 2% used [0x00000000c0c00000,0x00000000c0cff060,0x00000000c3600000)
 PSPermGen       total 21504K, used 11689K [0x00000000bba00000, 0x00000000bcf00000, 0x00000000c0c00000)
  object space 21504K, 54% used [0x00000000bba00000,0x00000000bc56a780,0x00000000bcf00000)
Event: 25.376 GC heap after
Heap after GC invocations=2 (full 0):
 PSYoungGen      total 19456K, used 2557K [0x00000000eae80000, 0x00000000ed480000, 0x0000000100000000)
  eden space 16896K, 0% used [0x00000000eae80000,0x00000000eae80000,0x00000000ebf00000)
  from space 2560K, 99% used [0x00000000ed200000,0x00000000ed47f458,0x00000000ed480000)
  to   space 2560K, 0% used [0x00000000ebf00000,0x00000000ebf00000,0x00000000ec180000)
 ParOldGen       total 43008K, used 2302K [0x00000000c0c00000, 0x00000000c3600000, 0x00000000eae80000)
  object space 43008K, 5% used [0x00000000c0c00000,0x00000000c0e3f9a8,0x00000000c3600000)
 PSPermGen       total 21504K, used 11689K [0x00000000bba00000, 0x00000000bcf00000, 0x00000000c0c00000)
  object space 21504K, 54% used [0x00000000bba00000,0x00000000bc56a780,0x00000000bcf00000)
}

