<?xml version="1.0" encoding="UTF-8"?>
<testng-results skipped="0" failed="0" total="1" passed="1">
  <reporter-output>
  </reporter-output>
  <suite name="Suite" duration-ms="18697" started-at="2016-01-18T12:38:08Z" finished-at="2016-01-18T12:38:27Z">
    <groups>
    </groups>
    <test name="Test" duration-ms="18697" started-at="2016-01-18T12:38:08Z" finished-at="2016-01-18T12:38:27Z">
      <class name="jenkinsdemo.demo">
        <test-method status="PASS" signature="f()[pri:0, instance:jenkinsdemo.demo@378d0a23]" name="f" duration-ms="18656" started-at="2016-01-18T12:38:08Z" finished-at="2016-01-18T12:38:27Z">
          <reporter-output>
          </reporter-output>
        </test-method> <!-- f -->
      </class> <!-- jenkinsdemo.demo -->
    </test> <!-- Test -->
  </suite> <!-- Suite -->
</testng-results>
