<?xml version="1.0" encoding="UTF-8"?>
<!-- Generated by org.testng.reporters.JUnitXMLReporter -->
<testsuite hostname="keveen-PC" name="TriangleSuite" tests="4" failures="0" timestamp="3 Nov 2015 12:48:24 GMT" time="70.092" errors="0">
  <testcase name="f" time="2.696" classname="Practise_Testngg.Test_01"/>
  <testcase name="f" time="8.234" classname="Practise_Testngg.Test_02"/>
  <testcase name="f" time="5.255" classname="Practise_Testngg.Test_03"/>
  <testcase name="f" time="7.727" classname="Practise_Testngg.Test_04"/>
</testsuite> <!-- TriangleSuite -->
